-------------------------------------------------------------------------------
Test set: com.example.SpringTestingLabTest
-------------------------------------------------------------------------------
Tests run: 1, Failures: 0, Errors: 1, Skipped: 0, Time elapsed: 0.449 s <<< FAILURE! - in com.example.SpringTestingLabTest
com.example.SpringTestingLabTest  Time elapsed: 0.449 s  <<< ERROR!
org.springframework.beans.factory.BeanDefinitionStoreException: Failed to read candidate component class: file [C:\CTS\CTS-Java-FSE\Week-1\junit-mockito-and-sl4j\target\test-classes\com\example\AdvancedMockitoLabTest.class]; nested exception is org.springframework.core.NestedIOException: ASM ClassReader failed to parse class file - probably due to a new Java class file version that isn't supported yet: file [C:\CTS\CTS-Java-FSE\Week-1\junit-mockito-and-sl4j\target\test-classes\com\example\AdvancedMockitoLabTest.class]; nested exception is java.lang.IllegalArgumentException: Unsupported class file major version 69
Caused by: org.springframework.core.NestedIOException: ASM ClassReader failed to parse class file - probably due to a new Java class file version that isn't supported yet: file [C:\CTS\CTS-Java-FSE\Week-1\junit-mockito-and-sl4j\target\test-classes\com\example\AdvancedMockitoLabTest.class]; nested exception is java.lang.IllegalArgumentException: Unsupported class file major version 69
Caused by: java.lang.IllegalArgumentException: Unsupported class file major version 69

